<?xml version="1.0" encoding="UTF-8" ?>
<testsuite errors="0" failures="0" hostname="terminus.local" name="exercises.answers.ExerciseAnswers1" skipped="0" tests="12" time="0.479" timestamp="2013-09-25T06:12:49">
  <properties>
[...]
</properties>
  <testcase classname="exercises.answers.ExerciseAnswers1" name="sortedLowerCaseDistinctByLengthThenAlphabetically" time="0.188" />
  <testcase classname="exercises.answers.ExerciseAnswers1" name="upperCaseWords" time="0.004" />
  <testcase classname="exercises.answers.ExerciseAnswers1" name="printAllWords" time="0.002" />
  <testcase classname="exercises.answers.ExerciseAnswers1" name="wordFrequencies" time="0.022" />
  <testcase classname="exercises.answers.ExerciseAnswers1" name="nestedMaps" time="0.038" />
  <testcase classname="exercises.answers.ExerciseAnswers1" name="findEvenLengthWords" time="0.003" />
  <testcase classname="exercises.answers.ExerciseAnswers1" name="countLinesInFile" time="0.002" />
  <testcase classname="exercises.answers.ExerciseAnswers1" name="joinLineRange" time="0.018" />
  <testcase classname="exercises.answers.ExerciseAnswers1" name="lengthOfLongestLine" time="0.014" />
  <testcase classname="exercises.answers.ExerciseAnswers1" name="listOfAllWords" time="0.009" />
  <testcase classname="exercises.answers.ExerciseAnswers1" name="sortedLowerCase" time="0.022" />
  <testcase classname="exercises.answers.ExerciseAnswers1" name="mapLengthToWordList" time="0.029" />
  <system-out><![CDATA[every
problem
in
computer
science
can
be
solved
by
adding
another
level
of
indirection
]]></system-out>
  <system-err><![CDATA[]]></system-err>
</testsuite>
